[ 2016-08-11T11:25:59+08:00 ] 0.0.0.0 /index.php/Index/Rencai/more
INFO: [ route_check ] --START--
INFO: CheckRoute Behavior ::run [ RunTime:0.063003s ]
INFO: [ route_check ] --END-- [ RunTime:0.114007s ]
NOTIC: [2] include(./Conf/config.php) [<a href='function.include'>function.include</a>]: failed to open stream: No such file or directory D:\WWW\thinkphp3.1.3\thinkphp3.1.3\Application\Home\Index\Conf\config.php 第 6 行.
NOTIC: [2] include(./Conf/config.php) [<a href='function.include'>function.include</a>]: failed to open stream: No such file or directory D:\WWW\thinkphp3.1.3\thinkphp3.1.3\Application\Home\Index\Conf\config.php 第 6 行.
NOTIC: [2] include() [<a href='function.include'>function.include</a>]: Failed opening './Conf/config.php' for inclusion (include_path='.;C:\php\pear;D:\WWW\thinkphp3.1.3\thinkphp3.1.3\ThinkPHP/Extend/Vendor/') D:\WWW\thinkphp3.1.3\thinkphp3.1.3\Application\Home\Index\Conf\config.php 第 6 行.
NOTIC: [2] array_merge() [<a href='function.array-merge'>function.array-merge</a>]: Argument #1 is not an array D:\WWW\thinkphp3.1.3\thinkphp3.1.3\Application\Home\Index\Conf\config.php 第 6 行.
INFO: [ app_begin ] --START--
INFO: ReadHtmlCache Behavior ::run [ RunTime:0.001000s ]
INFO: [ app_begin ] --END-- [ RunTime:0.001000s ]
SQL: SHOW COLUMNS FROM `think_zhaopin` [ RunTime:0.052003s ]
SQL: SELECT COUNT(*) AS tp_count FROM `think_zhaopin` LIMIT 1   [ RunTime:0.000000s ]
SQL: SELECT * FROM `think_zhaopin` ORDER BY time DESC LIMIT 0,20   [ RunTime:0.033002s ]
ERR: 1054:Unknown column 'time' in 'order clause'
 [ SQL语句 ] : SELECT * FROM `think_zhaopin` ORDER BY time DESC LIMIT 0,20  
SQL: SELECT * FROM think_zhaopin a,think_user_qiye b WHERE ( a.pid=b.id )  [ RunTime:0.018001s ]
INFO: [ view_parse ] --START--
INFO: ParseTemplate Behavior ::run [ RunTime:0.087005s ]
INFO: [ view_parse ] --END-- [ RunTime:0.087005s ]
INFO: [ view_filter ] --START--
INFO: ContentReplace Behavior ::run [ RunTime:0.012001s ]
INFO: TokenBuild Behavior ::run [ RunTime:0.008000s ]
INFO: WriteHtmlCache Behavior ::run [ RunTime:0.000000s ]
INFO: ShowRuntime Behavior ::run [ RunTime:0.001000s ]
INFO: [ view_filter ] --END-- [ RunTime:0.021001s ]
INFO: [ view_end ] --START--
INFO: ShowPageTrace Behavior ::run [ RunTime:0.012001s ]
INFO: [ view_end ] --END-- [ RunTime:0.012001s ]

[ 2016-08-11T11:27:42+08:00 ] 0.0.0.0 /index.php/Index/Rencai/more
INFO: [ route_check ] --START--
INFO: CheckRoute Behavior ::run [ RunTime:0.001000s ]
INFO: [ route_check ] --END-- [ RunTime:0.001000s ]
NOTIC: [2] include(./Conf/config.php) [<a href='function.include'>function.include</a>]: failed to open stream: No such file or directory D:\WWW\thinkphp3.1.3\thinkphp3.1.3\Application\Home\Index\Conf\config.php 第 6 行.
NOTIC: [2] include(./Conf/config.php) [<a href='function.include'>function.include</a>]: failed to open stream: No such file or directory D:\WWW\thinkphp3.1.3\thinkphp3.1.3\Application\Home\Index\Conf\config.php 第 6 行.
NOTIC: [2] include() [<a href='function.include'>function.include</a>]: Failed opening './Conf/config.php' for inclusion (include_path='.;C:\php\pear;D:\WWW\thinkphp3.1.3\thinkphp3.1.3\ThinkPHP/Extend/Vendor/') D:\WWW\thinkphp3.1.3\thinkphp3.1.3\Application\Home\Index\Conf\config.php 第 6 行.
NOTIC: [2] array_merge() [<a href='function.array-merge'>function.array-merge</a>]: Argument #1 is not an array D:\WWW\thinkphp3.1.3\thinkphp3.1.3\Application\Home\Index\Conf\config.php 第 6 行.
INFO: [ app_begin ] --START--
INFO: ReadHtmlCache Behavior ::run [ RunTime:0.001000s ]
INFO: [ app_begin ] --END-- [ RunTime:0.001000s ]
SQL: SHOW COLUMNS FROM `think_zhaopin` [ RunTime:0.005000s ]
SQL: SELECT COUNT(*) AS tp_count FROM `think_zhaopin` LIMIT 1   [ RunTime:0.004001s ]
SQL: SELECT * FROM `think_zhaopin` ORDER BY time DESC LIMIT 0,20   [ RunTime:0.001000s ]
ERR: 1054:Unknown column 'time' in 'order clause'
 [ SQL语句 ] : SELECT * FROM `think_zhaopin` ORDER BY time DESC LIMIT 0,20  
SQL: SELECT * FROM think_zhaopin a,think_user_qiye b WHERE ( a.pid=b.id )  [ RunTime:0.002000s ]
INFO: [ view_parse ] --START--
INFO: ParseTemplate Behavior ::run [ RunTime:0.057003s ]
INFO: [ view_parse ] --END-- [ RunTime:0.057003s ]
INFO: [ view_filter ] --START--
INFO: ContentReplace Behavior ::run [ RunTime:0.003000s ]
INFO: TokenBuild Behavior ::run [ RunTime:0.001000s ]
INFO: WriteHtmlCache Behavior ::run [ RunTime:0.001000s ]
INFO: ShowRuntime Behavior ::run [ RunTime:0.002001s ]
INFO: [ view_filter ] --END-- [ RunTime:0.007001s ]
INFO: [ view_end ] --START--
INFO: ShowPageTrace Behavior ::run [ RunTime:0.001000s ]
INFO: [ view_end ] --END-- [ RunTime:0.002000s ]

[ 2016-08-11T11:29:20+08:00 ] 0.0.0.0 /index.php/Index/Rencai/more
INFO: [ route_check ] --START--
INFO: CheckRoute Behavior ::run [ RunTime:0.001000s ]
INFO: [ route_check ] --END-- [ RunTime:0.001000s ]
NOTIC: [2] include(./Conf/config.php) [<a href='function.include'>function.include</a>]: failed to open stream: No such file or directory D:\WWW\thinkphp3.1.3\thinkphp3.1.3\Application\Home\Index\Conf\config.php 第 6 行.
NOTIC: [2] include(./Conf/config.php) [<a href='function.include'>function.include</a>]: failed to open stream: No such file or directory D:\WWW\thinkphp3.1.3\thinkphp3.1.3\Application\Home\Index\Conf\config.php 第 6 行.
NOTIC: [2] include() [<a href='function.include'>function.include</a>]: Failed opening './Conf/config.php' for inclusion (include_path='.;C:\php\pear;D:\WWW\thinkphp3.1.3\thinkphp3.1.3\ThinkPHP/Extend/Vendor/') D:\WWW\thinkphp3.1.3\thinkphp3.1.3\Application\Home\Index\Conf\config.php 第 6 行.
NOTIC: [2] array_merge() [<a href='function.array-merge'>function.array-merge</a>]: Argument #1 is not an array D:\WWW\thinkphp3.1.3\thinkphp3.1.3\Application\Home\Index\Conf\config.php 第 6 行.
INFO: [ app_begin ] --START--
INFO: ReadHtmlCache Behavior ::run [ RunTime:0.009000s ]
INFO: [ app_begin ] --END-- [ RunTime:0.009000s ]
SQL: SHOW COLUMNS FROM `think_zhaopin` [ RunTime:0.003000s ]
SQL: SELECT COUNT(*) AS tp_count FROM `think_zhaopin` LIMIT 1   [ RunTime:0.000000s ]
SQL: SELECT * FROM `think_zhaopin` ORDER BY time DESC LIMIT 0,20   [ RunTime:0.000000s ]
ERR: 1054:Unknown column 'time' in 'order clause'
 [ SQL语句 ] : SELECT * FROM `think_zhaopin` ORDER BY time DESC LIMIT 0,20  
SQL: SELECT * FROM think_zhaopin a,think_user_qiye b WHERE ( a.pid=b.id )  [ RunTime:0.000000s ]
INFO: [ view_parse ] --START--
INFO: ParseTemplate Behavior ::run [ RunTime:0.034002s ]
INFO: [ view_parse ] --END-- [ RunTime:0.034002s ]
INFO: [ view_filter ] --START--
INFO: ContentReplace Behavior ::run [ RunTime:0.001000s ]
INFO: TokenBuild Behavior ::run [ RunTime:0.001000s ]
INFO: WriteHtmlCache Behavior ::run [ RunTime:0.000000s ]
INFO: ShowRuntime Behavior ::run [ RunTime:0.001000s ]
INFO: [ view_filter ] --END-- [ RunTime:0.003000s ]
INFO: [ view_end ] --START--
INFO: ShowPageTrace Behavior ::run [ RunTime:0.000000s ]
INFO: [ view_end ] --END-- [ RunTime:0.001000s ]

[ 2016-08-11T14:28:57+08:00 ] 0.0.0.0 /index.php/Index/Index/index.html
INFO: [ route_check ] --START--
INFO: CheckRoute Behavior ::run [ RunTime:0.002000s ]
INFO: [ route_check ] --END-- [ RunTime:0.002000s ]
NOTIC: [2] include(./Conf/config.php) [<a href='function.include'>function.include</a>]: failed to open stream: No such file or directory D:\WWW\thinkphp3.1.3\thinkphp3.1.3\Application\Home\Index\Conf\config.php 第 6 行.
NOTIC: [2] include(./Conf/config.php) [<a href='function.include'>function.include</a>]: failed to open stream: No such file or directory D:\WWW\thinkphp3.1.3\thinkphp3.1.3\Application\Home\Index\Conf\config.php 第 6 行.
NOTIC: [2] include() [<a href='function.include'>function.include</a>]: Failed opening './Conf/config.php' for inclusion (include_path='.;C:\php\pear;D:\WWW\thinkphp3.1.3\thinkphp3.1.3\ThinkPHP/Extend/Vendor/') D:\WWW\thinkphp3.1.3\thinkphp3.1.3\Application\Home\Index\Conf\config.php 第 6 行.
NOTIC: [2] array_merge() [<a href='function.array-merge'>function.array-merge</a>]: Argument #1 is not an array D:\WWW\thinkphp3.1.3\thinkphp3.1.3\Application\Home\Index\Conf\config.php 第 6 行.
INFO: [ app_begin ] --START--
INFO: ReadHtmlCache Behavior ::run [ RunTime:0.001001s ]
INFO: [ app_begin ] --END-- [ RunTime:0.001001s ]
INFO: [ view_parse ] --START--
INFO: ParseTemplate Behavior ::run [ RunTime:0.128007s ]
INFO: [ view_parse ] --END-- [ RunTime:0.128007s ]
INFO: [ view_filter ] --START--
INFO: ContentReplace Behavior ::run [ RunTime:0.001000s ]
INFO: TokenBuild Behavior ::run [ RunTime:0.000000s ]
INFO: WriteHtmlCache Behavior ::run [ RunTime:0.000000s ]
INFO: ShowRuntime Behavior ::run [ RunTime:0.001000s ]
INFO: [ view_filter ] --END-- [ RunTime:0.013001s ]
INFO: [ view_end ] --START--
INFO: ShowPageTrace Behavior ::run [ RunTime:0.013001s ]
INFO: [ view_end ] --END-- [ RunTime:0.013001s ]

[ 2016-08-11T14:31:22+08:00 ] 0.0.0.0 /index.php/Index/Index/index.html
INFO: [ route_check ] --START--
INFO: CheckRoute Behavior ::run [ RunTime:0.001000s ]
INFO: [ route_check ] --END-- [ RunTime:0.001000s ]
NOTIC: [2] include(./Conf/config.php) [<a href='function.include'>function.include</a>]: failed to open stream: No such file or directory D:\WWW\thinkphp3.1.3\thinkphp3.1.3\Application\Home\Index\Conf\config.php 第 6 行.
NOTIC: [2] include(./Conf/config.php) [<a href='function.include'>function.include</a>]: failed to open stream: No such file or directory D:\WWW\thinkphp3.1.3\thinkphp3.1.3\Application\Home\Index\Conf\config.php 第 6 行.
NOTIC: [2] include() [<a href='function.include'>function.include</a>]: Failed opening './Conf/config.php' for inclusion (include_path='.;C:\php\pear;D:\WWW\thinkphp3.1.3\thinkphp3.1.3\ThinkPHP/Extend/Vendor/') D:\WWW\thinkphp3.1.3\thinkphp3.1.3\Application\Home\Index\Conf\config.php 第 6 行.
NOTIC: [2] array_merge() [<a href='function.array-merge'>function.array-merge</a>]: Argument #1 is not an array D:\WWW\thinkphp3.1.3\thinkphp3.1.3\Application\Home\Index\Conf\config.php 第 6 行.
INFO: [ app_begin ] --START--
INFO: ReadHtmlCache Behavior ::run [ RunTime:0.000000s ]
INFO: [ app_begin ] --END-- [ RunTime:0.000000s ]
SQL: SHOW COLUMNS FROM `think_user` [ RunTime:0.063003s ]
SQL: SELECT COUNT(*) AS tp_count FROM `think_user` LIMIT 1   [ RunTime:0.000000s ]
INFO: [ view_parse ] --START--
NOTIC: [8] Undefined variable: count D:\WWW\thinkphp3.1.3\thinkphp3.1.3\Application\Runtime\Cache\Index\179f5e6fc507cda68f37a3c117a7bd00.php 第 239 行.
INFO: ParseTemplate Behavior ::run [ RunTime:0.019002s ]
INFO: [ view_parse ] --END-- [ RunTime:0.019002s ]
INFO: [ view_filter ] --START--
INFO: ContentReplace Behavior ::run [ RunTime:0.001000s ]
INFO: TokenBuild Behavior ::run [ RunTime:0.000000s ]
INFO: WriteHtmlCache Behavior ::run [ RunTime:0.000000s ]
INFO: ShowRuntime Behavior ::run [ RunTime:0.000000s ]
INFO: [ view_filter ] --END-- [ RunTime:0.001000s ]
INFO: [ view_end ] --START--
INFO: ShowPageTrace Behavior ::run [ RunTime:0.000000s ]
INFO: [ view_end ] --END-- [ RunTime:0.000000s ]

[ 2016-08-11T14:34:09+08:00 ] 0.0.0.0 /index.php/Index/Index/index.html
INFO: [ route_check ] --START--
INFO: CheckRoute Behavior ::run [ RunTime:0.000000s ]
INFO: [ route_check ] --END-- [ RunTime:0.000000s ]
NOTIC: [2] include(./Conf/config.php) [<a href='function.include'>function.include</a>]: failed to open stream: No such file or directory D:\WWW\thinkphp3.1.3\thinkphp3.1.3\Application\Home\Index\Conf\config.php 第 6 行.
NOTIC: [2] include(./Conf/config.php) [<a href='function.include'>function.include</a>]: failed to open stream: No such file or directory D:\WWW\thinkphp3.1.3\thinkphp3.1.3\Application\Home\Index\Conf\config.php 第 6 行.
NOTIC: [2] include() [<a href='function.include'>function.include</a>]: Failed opening './Conf/config.php' for inclusion (include_path='.;C:\php\pear;D:\WWW\thinkphp3.1.3\thinkphp3.1.3\ThinkPHP/Extend/Vendor/') D:\WWW\thinkphp3.1.3\thinkphp3.1.3\Application\Home\Index\Conf\config.php 第 6 行.
NOTIC: [2] array_merge() [<a href='function.array-merge'>function.array-merge</a>]: Argument #1 is not an array D:\WWW\thinkphp3.1.3\thinkphp3.1.3\Application\Home\Index\Conf\config.php 第 6 行.
INFO: [ app_begin ] --START--
INFO: ReadHtmlCache Behavior ::run [ RunTime:0.000000s ]
INFO: [ app_begin ] --END-- [ RunTime:0.001001s ]
SQL: SHOW COLUMNS FROM `think_user` [ RunTime:0.002000s ]
SQL: SELECT COUNT(*) AS tp_count FROM `think_user` LIMIT 1   [ RunTime:0.000000s ]

[ 2016-08-11T14:34:46+08:00 ] 0.0.0.0 /index.php/Index/Index/index.html
INFO: [ route_check ] --START--
INFO: CheckRoute Behavior ::run [ RunTime:0.001000s ]
INFO: [ route_check ] --END-- [ RunTime:0.001000s ]
NOTIC: [2] include(./Conf/config.php) [<a href='function.include'>function.include</a>]: failed to open stream: No such file or directory D:\WWW\thinkphp3.1.3\thinkphp3.1.3\Application\Home\Index\Conf\config.php 第 6 行.
NOTIC: [2] include(./Conf/config.php) [<a href='function.include'>function.include</a>]: failed to open stream: No such file or directory D:\WWW\thinkphp3.1.3\thinkphp3.1.3\Application\Home\Index\Conf\config.php 第 6 行.
NOTIC: [2] include() [<a href='function.include'>function.include</a>]: Failed opening './Conf/config.php' for inclusion (include_path='.;C:\php\pear;D:\WWW\thinkphp3.1.3\thinkphp3.1.3\ThinkPHP/Extend/Vendor/') D:\WWW\thinkphp3.1.3\thinkphp3.1.3\Application\Home\Index\Conf\config.php 第 6 行.
NOTIC: [2] array_merge() [<a href='function.array-merge'>function.array-merge</a>]: Argument #1 is not an array D:\WWW\thinkphp3.1.3\thinkphp3.1.3\Application\Home\Index\Conf\config.php 第 6 行.
INFO: [ app_begin ] --START--
INFO: ReadHtmlCache Behavior ::run [ RunTime:0.000000s ]
INFO: [ app_begin ] --END-- [ RunTime:0.000000s ]
SQL: SHOW COLUMNS FROM `think_user` [ RunTime:0.002000s ]
SQL: SELECT COUNT(*) AS tp_count FROM `think_user` LIMIT 1   [ RunTime:0.001000s ]
INFO: [ view_parse ] --START--
INFO: ParseTemplate Behavior ::run [ RunTime:0.018001s ]
INFO: [ view_parse ] --END-- [ RunTime:0.018001s ]
INFO: [ view_filter ] --START--
INFO: ContentReplace Behavior ::run [ RunTime:0.000000s ]
INFO: TokenBuild Behavior ::run [ RunTime:0.001000s ]
INFO: WriteHtmlCache Behavior ::run [ RunTime:0.000000s ]
INFO: ShowRuntime Behavior ::run [ RunTime:0.000000s ]
INFO: [ view_filter ] --END-- [ RunTime:0.001000s ]
INFO: [ view_end ] --START--
INFO: ShowPageTrace Behavior ::run [ RunTime:0.001000s ]
INFO: [ view_end ] --END-- [ RunTime:0.001000s ]

[ 2016-08-11T14:35:07+08:00 ] 0.0.0.0 /index.php/Index/Member/index.html
INFO: [ route_check ] --START--
INFO: CheckRoute Behavior ::run [ RunTime:0.001001s ]
INFO: [ route_check ] --END-- [ RunTime:0.001001s ]
NOTIC: [2] include(./Conf/config.php) [<a href='function.include'>function.include</a>]: failed to open stream: No such file or directory D:\WWW\thinkphp3.1.3\thinkphp3.1.3\Application\Home\Index\Conf\config.php 第 6 行.
NOTIC: [2] include(./Conf/config.php) [<a href='function.include'>function.include</a>]: failed to open stream: No such file or directory D:\WWW\thinkphp3.1.3\thinkphp3.1.3\Application\Home\Index\Conf\config.php 第 6 行.
NOTIC: [2] include() [<a href='function.include'>function.include</a>]: Failed opening './Conf/config.php' for inclusion (include_path='.;C:\php\pear;D:\WWW\thinkphp3.1.3\thinkphp3.1.3\ThinkPHP/Extend/Vendor/') D:\WWW\thinkphp3.1.3\thinkphp3.1.3\Application\Home\Index\Conf\config.php 第 6 行.
NOTIC: [2] array_merge() [<a href='function.array-merge'>function.array-merge</a>]: Argument #1 is not an array D:\WWW\thinkphp3.1.3\thinkphp3.1.3\Application\Home\Index\Conf\config.php 第 6 行.
INFO: [ app_begin ] --START--
INFO: ReadHtmlCache Behavior ::run [ RunTime:0.000000s ]
INFO: [ app_begin ] --END-- [ RunTime:0.000000s ]
INFO: [ view_parse ] --START--
INFO: ParseTemplate Behavior ::run [ RunTime:0.020001s ]
INFO: [ view_parse ] --END-- [ RunTime:0.020001s ]
INFO: [ view_filter ] --START--
INFO: ContentReplace Behavior ::run [ RunTime:0.001000s ]
INFO: TokenBuild Behavior ::run [ RunTime:0.000000s ]
INFO: WriteHtmlCache Behavior ::run [ RunTime:0.000000s ]
INFO: ShowRuntime Behavior ::run [ RunTime:0.000000s ]
INFO: [ view_filter ] --END-- [ RunTime:0.001000s ]
INFO: [ view_end ] --START--
INFO: ShowPageTrace Behavior ::run [ RunTime:0.000000s ]
INFO: [ view_end ] --END-- [ RunTime:0.000000s ]

[ 2016-08-11T14:35:15+08:00 ] 0.0.0.0 /index.php/Index/Member/login.html
INFO: [ route_check ] --START--
INFO: CheckRoute Behavior ::run [ RunTime:0.000000s ]
INFO: [ route_check ] --END-- [ RunTime:0.000000s ]
NOTIC: [2] include(./Conf/config.php) [<a href='function.include'>function.include</a>]: failed to open stream: No such file or directory D:\WWW\thinkphp3.1.3\thinkphp3.1.3\Application\Home\Index\Conf\config.php 第 6 行.
NOTIC: [2] include(./Conf/config.php) [<a href='function.include'>function.include</a>]: failed to open stream: No such file or directory D:\WWW\thinkphp3.1.3\thinkphp3.1.3\Application\Home\Index\Conf\config.php 第 6 行.
NOTIC: [2] include() [<a href='function.include'>function.include</a>]: Failed opening './Conf/config.php' for inclusion (include_path='.;C:\php\pear;D:\WWW\thinkphp3.1.3\thinkphp3.1.3\ThinkPHP/Extend/Vendor/') D:\WWW\thinkphp3.1.3\thinkphp3.1.3\Application\Home\Index\Conf\config.php 第 6 行.
NOTIC: [2] array_merge() [<a href='function.array-merge'>function.array-merge</a>]: Argument #1 is not an array D:\WWW\thinkphp3.1.3\thinkphp3.1.3\Application\Home\Index\Conf\config.php 第 6 行.
INFO: [ app_begin ] --START--
INFO: ReadHtmlCache Behavior ::run [ RunTime:0.001000s ]
INFO: [ app_begin ] --END-- [ RunTime:0.001000s ]
SQL: SHOW COLUMNS FROM `think_user` [ RunTime:0.002000s ]
SQL: SELECT * FROM `think_user` WHERE ( `username` = 'qiye' ) LIMIT 1   [ RunTime:0.000000s ]
NOTIC: [8] Undefined index: lock D:\WWW\thinkphp3.1.3\thinkphp3.1.3\Application\Home\Index\Action\MemberAction.class.php 第 223 行.
SQL: UPDATE `think_user` SET `logintime`=1470897315,`loginip`='0.0.0.0' WHERE ( `id` = 25 ) [ RunTime:0.001000s ]

[ 2016-08-11T14:35:16+08:00 ] 0.0.0.0 /index.php/Index/Index/index.html
INFO: [ route_check ] --START--
INFO: CheckRoute Behavior ::run [ RunTime:0.000000s ]
INFO: [ route_check ] --END-- [ RunTime:0.000000s ]
NOTIC: [2] include(./Conf/config.php) [<a href='function.include'>function.include</a>]: failed to open stream: No such file or directory D:\WWW\thinkphp3.1.3\thinkphp3.1.3\Application\Home\Index\Conf\config.php 第 6 行.
NOTIC: [2] include(./Conf/config.php) [<a href='function.include'>function.include</a>]: failed to open stream: No such file or directory D:\WWW\thinkphp3.1.3\thinkphp3.1.3\Application\Home\Index\Conf\config.php 第 6 行.
NOTIC: [2] include() [<a href='function.include'>function.include</a>]: Failed opening './Conf/config.php' for inclusion (include_path='.;C:\php\pear;D:\WWW\thinkphp3.1.3\thinkphp3.1.3\ThinkPHP/Extend/Vendor/') D:\WWW\thinkphp3.1.3\thinkphp3.1.3\Application\Home\Index\Conf\config.php 第 6 行.
NOTIC: [2] array_merge() [<a href='function.array-merge'>function.array-merge</a>]: Argument #1 is not an array D:\WWW\thinkphp3.1.3\thinkphp3.1.3\Application\Home\Index\Conf\config.php 第 6 行.
INFO: [ app_begin ] --START--
INFO: ReadHtmlCache Behavior ::run [ RunTime:0.000000s ]
INFO: [ app_begin ] --END-- [ RunTime:0.001000s ]
SQL: SHOW COLUMNS FROM `think_user` [ RunTime:0.002001s ]
SQL: SELECT COUNT(*) AS tp_count FROM `think_user` LIMIT 1   [ RunTime:0.000000s ]
INFO: [ view_parse ] --START--
INFO: ParseTemplate Behavior ::run [ RunTime:0.017001s ]
INFO: [ view_parse ] --END-- [ RunTime:0.018001s ]
INFO: [ view_filter ] --START--
INFO: ContentReplace Behavior ::run [ RunTime:0.000000s ]
INFO: TokenBuild Behavior ::run [ RunTime:0.000000s ]
INFO: WriteHtmlCache Behavior ::run [ RunTime:0.000000s ]
INFO: ShowRuntime Behavior ::run [ RunTime:0.001000s ]
INFO: [ view_filter ] --END-- [ RunTime:0.001000s ]
INFO: [ view_end ] --START--
INFO: ShowPageTrace Behavior ::run [ RunTime:0.000000s ]
INFO: [ view_end ] --END-- [ RunTime:0.000000s ]

[ 2016-08-11T14:35:23+08:00 ] 0.0.0.0 /index.php/Index/Rencai/zhaopin.html
INFO: [ route_check ] --START--
INFO: CheckRoute Behavior ::run [ RunTime:0.000000s ]
INFO: [ route_check ] --END-- [ RunTime:0.000000s ]
NOTIC: [2] include(./Conf/config.php) [<a href='function.include'>function.include</a>]: failed to open stream: No such file or directory D:\WWW\thinkphp3.1.3\thinkphp3.1.3\Application\Home\Index\Conf\config.php 第 6 行.
NOTIC: [2] include(./Conf/config.php) [<a href='function.include'>function.include</a>]: failed to open stream: No such file or directory D:\WWW\thinkphp3.1.3\thinkphp3.1.3\Application\Home\Index\Conf\config.php 第 6 行.
NOTIC: [2] include() [<a href='function.include'>function.include</a>]: Failed opening './Conf/config.php' for inclusion (include_path='.;C:\php\pear;D:\WWW\thinkphp3.1.3\thinkphp3.1.3\ThinkPHP/Extend/Vendor/') D:\WWW\thinkphp3.1.3\thinkphp3.1.3\Application\Home\Index\Conf\config.php 第 6 行.
NOTIC: [2] array_merge() [<a href='function.array-merge'>function.array-merge</a>]: Argument #1 is not an array D:\WWW\thinkphp3.1.3\thinkphp3.1.3\Application\Home\Index\Conf\config.php 第 6 行.
INFO: [ app_begin ] --START--
INFO: ReadHtmlCache Behavior ::run [ RunTime:0.000000s ]
INFO: [ app_begin ] --END-- [ RunTime:0.000000s ]
NOTIC: [8] Constant THEME_NAME already defined D:\WWW\thinkphp3.1.3\thinkphp3.1.3\ThinkPHP\Lib\Core\View.class.php 第 223 行.
NOTIC: [8] Constant THEME_PATH already defined D:\WWW\thinkphp3.1.3\thinkphp3.1.3\ThinkPHP\Lib\Core\View.class.php 第 171 行.
NOTIC: [8] Constant APP_TMPL_PATH already defined D:\WWW\thinkphp3.1.3\thinkphp3.1.3\ThinkPHP\Lib\Core\View.class.php 第 172 行.
INFO: [ view_parse ] --START--
INFO: ParseTemplate Behavior ::run [ RunTime:0.027002s ]
INFO: [ view_parse ] --END-- [ RunTime:0.027002s ]
INFO: [ view_filter ] --START--
INFO: ContentReplace Behavior ::run [ RunTime:0.000000s ]
INFO: TokenBuild Behavior ::run [ RunTime:0.000000s ]
INFO: WriteHtmlCache Behavior ::run [ RunTime:0.000000s ]
INFO: ShowRuntime Behavior ::run [ RunTime:0.001000s ]
INFO: [ view_filter ] --END-- [ RunTime:0.001000s ]
INFO: [ view_end ] --START--
INFO: ShowPageTrace Behavior ::run [ RunTime:0.001000s ]
INFO: [ view_end ] --END-- [ RunTime:0.001000s ]

[ 2016-08-11T14:35:36+08:00 ] 0.0.0.0 /index.php/Index/Rencai/zhaopin.html
INFO: [ route_check ] --START--
INFO: CheckRoute Behavior ::run [ RunTime:0.001000s ]
INFO: [ route_check ] --END-- [ RunTime:0.001000s ]
NOTIC: [2] include(./Conf/config.php) [<a href='function.include'>function.include</a>]: failed to open stream: No such file or directory D:\WWW\thinkphp3.1.3\thinkphp3.1.3\Application\Home\Index\Conf\config.php 第 6 行.
NOTIC: [2] include(./Conf/config.php) [<a href='function.include'>function.include</a>]: failed to open stream: No such file or directory D:\WWW\thinkphp3.1.3\thinkphp3.1.3\Application\Home\Index\Conf\config.php 第 6 行.
NOTIC: [2] include() [<a href='function.include'>function.include</a>]: Failed opening './Conf/config.php' for inclusion (include_path='.;C:\php\pear;D:\WWW\thinkphp3.1.3\thinkphp3.1.3\ThinkPHP/Extend/Vendor/') D:\WWW\thinkphp3.1.3\thinkphp3.1.3\Application\Home\Index\Conf\config.php 第 6 行.
NOTIC: [2] array_merge() [<a href='function.array-merge'>function.array-merge</a>]: Argument #1 is not an array D:\WWW\thinkphp3.1.3\thinkphp3.1.3\Application\Home\Index\Conf\config.php 第 6 行.
INFO: [ app_begin ] --START--
INFO: ReadHtmlCache Behavior ::run [ RunTime:0.001000s ]
INFO: [ app_begin ] --END-- [ RunTime:0.001000s ]
NOTIC: [8] Constant THEME_NAME already defined D:\WWW\thinkphp3.1.3\thinkphp3.1.3\ThinkPHP\Lib\Core\View.class.php 第 223 行.
NOTIC: [8] Constant THEME_PATH already defined D:\WWW\thinkphp3.1.3\thinkphp3.1.3\ThinkPHP\Lib\Core\View.class.php 第 171 行.
NOTIC: [8] Constant APP_TMPL_PATH already defined D:\WWW\thinkphp3.1.3\thinkphp3.1.3\ThinkPHP\Lib\Core\View.class.php 第 172 行.
INFO: [ view_parse ] --START--
INFO: ParseTemplate Behavior ::run [ RunTime:0.024002s ]
INFO: [ view_parse ] --END-- [ RunTime:0.024002s ]
INFO: [ view_filter ] --START--
INFO: ContentReplace Behavior ::run [ RunTime:0.001000s ]
INFO: TokenBuild Behavior ::run [ RunTime:0.000000s ]
INFO: WriteHtmlCache Behavior ::run [ RunTime:0.000000s ]
INFO: ShowRuntime Behavior ::run [ RunTime:0.001000s ]
INFO: [ view_filter ] --END-- [ RunTime:0.002000s ]
INFO: [ view_end ] --START--
INFO: ShowPageTrace Behavior ::run [ RunTime:0.000000s ]
INFO: [ view_end ] --END-- [ RunTime:0.000000s ]

[ 2016-08-11T14:36:45+08:00 ] 0.0.0.0 /index.php/Index/Rencai/zhaopin.html
INFO: [ route_check ] --START--
INFO: CheckRoute Behavior ::run [ RunTime:0.001000s ]
INFO: [ route_check ] --END-- [ RunTime:0.001000s ]
NOTIC: [2] include(./Conf/config.php) [<a href='function.include'>function.include</a>]: failed to open stream: No such file or directory D:\WWW\thinkphp3.1.3\thinkphp3.1.3\Application\Home\Index\Conf\config.php 第 6 行.
NOTIC: [2] include(./Conf/config.php) [<a href='function.include'>function.include</a>]: failed to open stream: No such file or directory D:\WWW\thinkphp3.1.3\thinkphp3.1.3\Application\Home\Index\Conf\config.php 第 6 行.
NOTIC: [2] include() [<a href='function.include'>function.include</a>]: Failed opening './Conf/config.php' for inclusion (include_path='.;C:\php\pear;D:\WWW\thinkphp3.1.3\thinkphp3.1.3\ThinkPHP/Extend/Vendor/') D:\WWW\thinkphp3.1.3\thinkphp3.1.3\Application\Home\Index\Conf\config.php 第 6 行.
NOTIC: [2] array_merge() [<a href='function.array-merge'>function.array-merge</a>]: Argument #1 is not an array D:\WWW\thinkphp3.1.3\thinkphp3.1.3\Application\Home\Index\Conf\config.php 第 6 行.
INFO: [ app_begin ] --START--
INFO: ReadHtmlCache Behavior ::run [ RunTime:0.000000s ]
INFO: [ app_begin ] --END-- [ RunTime:0.000000s ]
NOTIC: [8] Constant THEME_NAME already defined D:\WWW\thinkphp3.1.3\thinkphp3.1.3\ThinkPHP\Lib\Core\View.class.php 第 223 行.
NOTIC: [8] Constant THEME_PATH already defined D:\WWW\thinkphp3.1.3\thinkphp3.1.3\ThinkPHP\Lib\Core\View.class.php 第 171 行.
NOTIC: [8] Constant APP_TMPL_PATH already defined D:\WWW\thinkphp3.1.3\thinkphp3.1.3\ThinkPHP\Lib\Core\View.class.php 第 172 行.
INFO: [ view_parse ] --START--
INFO: ParseTemplate Behavior ::run [ RunTime:0.016001s ]
INFO: [ view_parse ] --END-- [ RunTime:0.016001s ]
INFO: [ view_filter ] --START--
INFO: ContentReplace Behavior ::run [ RunTime:0.000000s ]
INFO: TokenBuild Behavior ::run [ RunTime:0.001000s ]
INFO: WriteHtmlCache Behavior ::run [ RunTime:0.000000s ]
INFO: ShowRuntime Behavior ::run [ RunTime:0.001000s ]
INFO: [ view_filter ] --END-- [ RunTime:0.002000s ]
INFO: [ view_end ] --START--
INFO: ShowPageTrace Behavior ::run [ RunTime:0.001000s ]
INFO: [ view_end ] --END-- [ RunTime:0.001000s ]

[ 2016-08-11T14:37:27+08:00 ] 0.0.0.0 /index.php/Index/Rencai/alist
INFO: [ route_check ] --START--
INFO: CheckRoute Behavior ::run [ RunTime:0.001000s ]
INFO: [ route_check ] --END-- [ RunTime:0.001000s ]
NOTIC: [2] include(./Conf/config.php) [<a href='function.include'>function.include</a>]: failed to open stream: No such file or directory D:\WWW\thinkphp3.1.3\thinkphp3.1.3\Application\Home\Index\Conf\config.php 第 6 行.
NOTIC: [2] include(./Conf/config.php) [<a href='function.include'>function.include</a>]: failed to open stream: No such file or directory D:\WWW\thinkphp3.1.3\thinkphp3.1.3\Application\Home\Index\Conf\config.php 第 6 行.
NOTIC: [2] include() [<a href='function.include'>function.include</a>]: Failed opening './Conf/config.php' for inclusion (include_path='.;C:\php\pear;D:\WWW\thinkphp3.1.3\thinkphp3.1.3\ThinkPHP/Extend/Vendor/') D:\WWW\thinkphp3.1.3\thinkphp3.1.3\Application\Home\Index\Conf\config.php 第 6 行.
NOTIC: [2] array_merge() [<a href='function.array-merge'>function.array-merge</a>]: Argument #1 is not an array D:\WWW\thinkphp3.1.3\thinkphp3.1.3\Application\Home\Index\Conf\config.php 第 6 行.
INFO: [ app_begin ] --START--
INFO: ReadHtmlCache Behavior ::run [ RunTime:0.001000s ]
INFO: [ app_begin ] --END-- [ RunTime:0.001000s ]
NOTIC: [8] Undefined index: id D:\WWW\thinkphp3.1.3\thinkphp3.1.3\Application\Home\Index\Action\RencaiAction.class.php 第 64 行.
SQL: SHOW COLUMNS FROM `think_zhaopin` [ RunTime:0.027002s ]
SQL: SELECT * FROM `think_zhaopin`  [ RunTime:0.040002s ]
INFO: [ view_parse ] --START--
INFO: ParseTemplate Behavior ::run [ RunTime:0.050003s ]
INFO: [ view_parse ] --END-- [ RunTime:0.050003s ]
INFO: [ view_filter ] --START--
INFO: ContentReplace Behavior ::run [ RunTime:0.001000s ]
INFO: TokenBuild Behavior ::run [ RunTime:0.000000s ]
INFO: WriteHtmlCache Behavior ::run [ RunTime:0.000000s ]
INFO: ShowRuntime Behavior ::run [ RunTime:0.000000s ]
INFO: [ view_filter ] --END-- [ RunTime:0.001000s ]
INFO: [ view_end ] --START--
INFO: ShowPageTrace Behavior ::run [ RunTime:0.000000s ]
INFO: [ view_end ] --END-- [ RunTime:0.000000s ]

[ 2016-08-11T15:17:25+08:00 ] 0.0.0.0 /index.php/Index/Rencai/more.html
INFO: [ route_check ] --START--
INFO: CheckRoute Behavior ::run [ RunTime:0.002000s ]
INFO: [ route_check ] --END-- [ RunTime:0.017001s ]
NOTIC: [2] include(./Conf/config.php) [<a href='function.include'>function.include</a>]: failed to open stream: No such file or directory D:\WWW\thinkphp3.1.3\thinkphp3.1.3\Application\Home\Index\Conf\config.php 第 6 行.
NOTIC: [2] include(./Conf/config.php) [<a href='function.include'>function.include</a>]: failed to open stream: No such file or directory D:\WWW\thinkphp3.1.3\thinkphp3.1.3\Application\Home\Index\Conf\config.php 第 6 行.
NOTIC: [2] include() [<a href='function.include'>function.include</a>]: Failed opening './Conf/config.php' for inclusion (include_path='.;C:\php\pear;D:\WWW\thinkphp3.1.3\thinkphp3.1.3\ThinkPHP/Extend/Vendor/') D:\WWW\thinkphp3.1.3\thinkphp3.1.3\Application\Home\Index\Conf\config.php 第 6 行.
NOTIC: [2] array_merge() [<a href='function.array-merge'>function.array-merge</a>]: Argument #1 is not an array D:\WWW\thinkphp3.1.3\thinkphp3.1.3\Application\Home\Index\Conf\config.php 第 6 行.
INFO: [ app_begin ] --START--
INFO: ReadHtmlCache Behavior ::run [ RunTime:0.000000s ]
INFO: [ app_begin ] --END-- [ RunTime:0.001000s ]
SQL: SHOW COLUMNS FROM `think_zhaopin` [ RunTime:0.016001s ]
SQL: SELECT COUNT(*) AS tp_count FROM `think_zhaopin` LIMIT 1   [ RunTime:0.000000s ]
SQL: SELECT * FROM `think_zhaopin` ORDER BY time DESC LIMIT 0,20   [ RunTime:0.001000s ]
ERR: 1054:Unknown column 'time' in 'order clause'
 [ SQL语句 ] : SELECT * FROM `think_zhaopin` ORDER BY time DESC LIMIT 0,20  
SQL: SELECT * FROM think_zhaopin a,think_user_qiye b WHERE ( a.pid=b.id )  [ RunTime:0.055004s ]
INFO: [ view_parse ] --START--

[ 2016-08-11T15:26:47+08:00 ] 0.0.0.0 /index.php/Index/Rencai/more.html
INFO: [ route_check ] --START--
INFO: CheckRoute Behavior ::run [ RunTime:0.001000s ]
INFO: [ route_check ] --END-- [ RunTime:0.001000s ]
NOTIC: [2] include(./Conf/config.php) [<a href='function.include'>function.include</a>]: failed to open stream: No such file or directory D:\WWW\thinkphp3.1.3\thinkphp3.1.3\Application\Home\Index\Conf\config.php 第 6 行.
NOTIC: [2] include(./Conf/config.php) [<a href='function.include'>function.include</a>]: failed to open stream: No such file or directory D:\WWW\thinkphp3.1.3\thinkphp3.1.3\Application\Home\Index\Conf\config.php 第 6 行.
NOTIC: [2] include() [<a href='function.include'>function.include</a>]: Failed opening './Conf/config.php' for inclusion (include_path='.;C:\php\pear;D:\WWW\thinkphp3.1.3\thinkphp3.1.3\ThinkPHP/Extend/Vendor/') D:\WWW\thinkphp3.1.3\thinkphp3.1.3\Application\Home\Index\Conf\config.php 第 6 行.
NOTIC: [2] array_merge() [<a href='function.array-merge'>function.array-merge</a>]: Argument #1 is not an array D:\WWW\thinkphp3.1.3\thinkphp3.1.3\Application\Home\Index\Conf\config.php 第 6 行.
INFO: [ app_begin ] --START--
INFO: ReadHtmlCache Behavior ::run [ RunTime:0.000000s ]
INFO: [ app_begin ] --END-- [ RunTime:0.000000s ]
SQL: SHOW COLUMNS FROM `think_zhaopin` [ RunTime:0.002000s ]
SQL: SELECT COUNT(*) AS tp_count FROM `think_zhaopin` LIMIT 1   [ RunTime:0.001000s ]
SQL: SELECT * FROM `think_zhaopin` ORDER BY time DESC LIMIT 0,20   [ RunTime:0.000000s ]
ERR: 1054:Unknown column 'time' in 'order clause'
 [ SQL语句 ] : SELECT * FROM `think_zhaopin` ORDER BY time DESC LIMIT 0,20  

[ 2016-08-11T15:26:50+08:00 ] 0.0.0.0 /index.php/Index/Rencai/more.html
INFO: [ route_check ] --START--
INFO: CheckRoute Behavior ::run [ RunTime:0.001000s ]
INFO: [ route_check ] --END-- [ RunTime:0.001000s ]
NOTIC: [2] include(./Conf/config.php) [<a href='function.include'>function.include</a>]: failed to open stream: No such file or directory D:\WWW\thinkphp3.1.3\thinkphp3.1.3\Application\Home\Index\Conf\config.php 第 6 行.
NOTIC: [2] include(./Conf/config.php) [<a href='function.include'>function.include</a>]: failed to open stream: No such file or directory D:\WWW\thinkphp3.1.3\thinkphp3.1.3\Application\Home\Index\Conf\config.php 第 6 行.
NOTIC: [2] include() [<a href='function.include'>function.include</a>]: Failed opening './Conf/config.php' for inclusion (include_path='.;C:\php\pear;D:\WWW\thinkphp3.1.3\thinkphp3.1.3\ThinkPHP/Extend/Vendor/') D:\WWW\thinkphp3.1.3\thinkphp3.1.3\Application\Home\Index\Conf\config.php 第 6 行.
NOTIC: [2] array_merge() [<a href='function.array-merge'>function.array-merge</a>]: Argument #1 is not an array D:\WWW\thinkphp3.1.3\thinkphp3.1.3\Application\Home\Index\Conf\config.php 第 6 行.
INFO: [ app_begin ] --START--
INFO: ReadHtmlCache Behavior ::run [ RunTime:0.001000s ]
INFO: [ app_begin ] --END-- [ RunTime:0.001000s ]
SQL: SHOW COLUMNS FROM `think_zhaopin` [ RunTime:0.002000s ]
SQL: SELECT COUNT(*) AS tp_count FROM `think_zhaopin` LIMIT 1   [ RunTime:0.000000s ]
SQL: SELECT * FROM `think_zhaopin` ORDER BY time DESC LIMIT 0,20   [ RunTime:0.000000s ]
ERR: 1054:Unknown column 'time' in 'order clause'
 [ SQL语句 ] : SELECT * FROM `think_zhaopin` ORDER BY time DESC LIMIT 0,20  

[ 2016-08-11T15:27:15+08:00 ] 0.0.0.0 /index.php/Index/Rencai/more.html
INFO: [ route_check ] --START--
INFO: CheckRoute Behavior ::run [ RunTime:0.000000s ]
INFO: [ route_check ] --END-- [ RunTime:0.000000s ]
NOTIC: [2] include(./Conf/config.php) [<a href='function.include'>function.include</a>]: failed to open stream: No such file or directory D:\WWW\thinkphp3.1.3\thinkphp3.1.3\Application\Home\Index\Conf\config.php 第 6 行.
NOTIC: [2] include(./Conf/config.php) [<a href='function.include'>function.include</a>]: failed to open stream: No such file or directory D:\WWW\thinkphp3.1.3\thinkphp3.1.3\Application\Home\Index\Conf\config.php 第 6 行.
NOTIC: [2] include() [<a href='function.include'>function.include</a>]: Failed opening './Conf/config.php' for inclusion (include_path='.;C:\php\pear;D:\WWW\thinkphp3.1.3\thinkphp3.1.3\ThinkPHP/Extend/Vendor/') D:\WWW\thinkphp3.1.3\thinkphp3.1.3\Application\Home\Index\Conf\config.php 第 6 行.
NOTIC: [2] array_merge() [<a href='function.array-merge'>function.array-merge</a>]: Argument #1 is not an array D:\WWW\thinkphp3.1.3\thinkphp3.1.3\Application\Home\Index\Conf\config.php 第 6 行.
INFO: [ app_begin ] --START--
INFO: ReadHtmlCache Behavior ::run [ RunTime:0.000000s ]
INFO: [ app_begin ] --END-- [ RunTime:0.000000s ]
SQL: SHOW COLUMNS FROM `think_zhaopin` [ RunTime:0.003000s ]
SQL: SELECT COUNT(*) AS tp_count FROM `think_zhaopin` LIMIT 1   [ RunTime:0.000000s ]
SQL: SELECT * FROM `think_zhaopin` ORDER BY time DESC LIMIT 0,20   [ RunTime:0.000000s ]
ERR: 1054:Unknown column 'time' in 'order clause'
 [ SQL语句 ] : SELECT * FROM `think_zhaopin` ORDER BY time DESC LIMIT 0,20  
NOTIC: [8] Undefined index: id D:\WWW\thinkphp3.1.3\thinkphp3.1.3\Application\Home\Index\Action\RencaiAction.class.php 第 93 行.
SQL: SELECT * FROM think_zhaopin a,think_user_qiye b WHERE ( a.pid=b.id )  [ RunTime:0.000000s ]
INFO: [ view_parse ] --START--
NOTIC: [8] Use of undefined constant Index - assumed 'Index' D:\WWW\thinkphp3.1.3\thinkphp3.1.3\Application\Runtime\Cache\Index\305bb7c5ab5b79e9993278d27ee688d3.php 第 174 行.
NOTIC: [8] Use of undefined constant Rencai - assumed 'Rencai' D:\WWW\thinkphp3.1.3\thinkphp3.1.3\Application\Runtime\Cache\Index\305bb7c5ab5b79e9993278d27ee688d3.php 第 174 行.
NOTIC: [2] Division by zero D:\WWW\thinkphp3.1.3\thinkphp3.1.3\Application\Runtime\Cache\Index\305bb7c5ab5b79e9993278d27ee688d3.php 第 174 行.
NOTIC: [8] Use of undefined constant alist - assumed 'alist' D:\WWW\thinkphp3.1.3\thinkphp3.1.3\Application\Runtime\Cache\Index\305bb7c5ab5b79e9993278d27ee688d3.php 第 174 行.
NOTIC: [2] Division by zero D:\WWW\thinkphp3.1.3\thinkphp3.1.3\Application\Runtime\Cache\Index\305bb7c5ab5b79e9993278d27ee688d3.php 第 174 行.
NOTIC: [2] Division by zero D:\WWW\thinkphp3.1.3\thinkphp3.1.3\Application\Runtime\Cache\Index\305bb7c5ab5b79e9993278d27ee688d3.php 第 174 行.
NOTIC: [8] Use of undefined constant Index - assumed 'Index' D:\WWW\thinkphp3.1.3\thinkphp3.1.3\Application\Runtime\Cache\Index\305bb7c5ab5b79e9993278d27ee688d3.php 第 174 行.
NOTIC: [8] Use of undefined constant Rencai - assumed 'Rencai' D:\WWW\thinkphp3.1.3\thinkphp3.1.3\Application\Runtime\Cache\Index\305bb7c5ab5b79e9993278d27ee688d3.php 第 174 行.
NOTIC: [2] Division by zero D:\WWW\thinkphp3.1.3\thinkphp3.1.3\Application\Runtime\Cache\Index\305bb7c5ab5b79e9993278d27ee688d3.php 第 174 行.
NOTIC: [8] Use of undefined constant alist - assumed 'alist' D:\WWW\thinkphp3.1.3\thinkphp3.1.3\Application\Runtime\Cache\Index\305bb7c5ab5b79e9993278d27ee688d3.php 第 174 行.
NOTIC: [2] Division by zero D:\WWW\thinkphp3.1.3\thinkphp3.1.3\Application\Runtime\Cache\Index\305bb7c5ab5b79e9993278d27ee688d3.php 第 174 行.
NOTIC: [2] Division by zero D:\WWW\thinkphp3.1.3\thinkphp3.1.3\Application\Runtime\Cache\Index\305bb7c5ab5b79e9993278d27ee688d3.php 第 174 行.
INFO: ParseTemplate Behavior ::run [ RunTime:0.129007s ]
INFO: [ view_parse ] --END-- [ RunTime:0.129007s ]
INFO: [ view_filter ] --START--
INFO: ContentReplace Behavior ::run [ RunTime:0.009001s ]
INFO: TokenBuild Behavior ::run [ RunTime:0.008000s ]
INFO: WriteHtmlCache Behavior ::run [ RunTime:0.001000s ]
INFO: ShowRuntime Behavior ::run [ RunTime:0.000000s ]
INFO: [ view_filter ] --END-- [ RunTime:0.019001s ]
INFO: [ view_end ] --START--
INFO: ShowPageTrace Behavior ::run [ RunTime:0.001000s ]
INFO: [ view_end ] --END-- [ RunTime:0.001000s ]

[ 2016-08-11T15:27:18+08:00 ] 0.0.0.0 /index.php/Rencai/more.html
INFO: [ route_check ] --START--
INFO: CheckRoute Behavior ::run [ RunTime:0.000000s ]
INFO: [ route_check ] --END-- [ RunTime:0.001000s ]
NOTIC: [2] include(./Conf/config.php) [<a href='function.include'>function.include</a>]: failed to open stream: No such file or directory D:\WWW\thinkphp3.1.3\thinkphp3.1.3\Application\Home\Index\Conf\config.php 第 6 行.
NOTIC: [2] include(./Conf/config.php) [<a href='function.include'>function.include</a>]: failed to open stream: No such file or directory D:\WWW\thinkphp3.1.3\thinkphp3.1.3\Application\Home\Index\Conf\config.php 第 6 行.
NOTIC: [2] include() [<a href='function.include'>function.include</a>]: Failed opening './Conf/config.php' for inclusion (include_path='.;C:\php\pear;D:\WWW\thinkphp3.1.3\thinkphp3.1.3\ThinkPHP/Extend/Vendor/') D:\WWW\thinkphp3.1.3\thinkphp3.1.3\Application\Home\Index\Conf\config.php 第 6 行.
NOTIC: [2] array_merge() [<a href='function.array-merge'>function.array-merge</a>]: Argument #1 is not an array D:\WWW\thinkphp3.1.3\thinkphp3.1.3\Application\Home\Index\Conf\config.php 第 6 行.
INFO: [ app_begin ] --START--
INFO: ReadHtmlCache Behavior ::run [ RunTime:0.001000s ]
INFO: [ app_begin ] --END-- [ RunTime:0.001000s ]
SQL: SHOW COLUMNS FROM `think_zhaopin` [ RunTime:0.002000s ]
SQL: SELECT COUNT(*) AS tp_count FROM `think_zhaopin` LIMIT 1   [ RunTime:0.000000s ]
SQL: SELECT * FROM `think_zhaopin` ORDER BY time DESC LIMIT 0,20   [ RunTime:0.000000s ]
ERR: 1054:Unknown column 'time' in 'order clause'
 [ SQL语句 ] : SELECT * FROM `think_zhaopin` ORDER BY time DESC LIMIT 0,20  
NOTIC: [8] Undefined index: id D:\WWW\thinkphp3.1.3\thinkphp3.1.3\Application\Home\Index\Action\RencaiAction.class.php 第 93 行.
SQL: SELECT * FROM think_zhaopin a,think_user_qiye b WHERE ( a.pid=b.id )  [ RunTime:0.000000s ]
INFO: [ view_parse ] --START--
NOTIC: [8] Use of undefined constant Index - assumed 'Index' D:\WWW\thinkphp3.1.3\thinkphp3.1.3\Application\Runtime\Cache\Index\305bb7c5ab5b79e9993278d27ee688d3.php 第 174 行.
NOTIC: [8] Use of undefined constant Rencai - assumed 'Rencai' D:\WWW\thinkphp3.1.3\thinkphp3.1.3\Application\Runtime\Cache\Index\305bb7c5ab5b79e9993278d27ee688d3.php 第 174 行.
NOTIC: [2] Division by zero D:\WWW\thinkphp3.1.3\thinkphp3.1.3\Application\Runtime\Cache\Index\305bb7c5ab5b79e9993278d27ee688d3.php 第 174 行.
NOTIC: [8] Use of undefined constant alist - assumed 'alist' D:\WWW\thinkphp3.1.3\thinkphp3.1.3\Application\Runtime\Cache\Index\305bb7c5ab5b79e9993278d27ee688d3.php 第 174 行.
NOTIC: [2] Division by zero D:\WWW\thinkphp3.1.3\thinkphp3.1.3\Application\Runtime\Cache\Index\305bb7c5ab5b79e9993278d27ee688d3.php 第 174 行.
NOTIC: [2] Division by zero D:\WWW\thinkphp3.1.3\thinkphp3.1.3\Application\Runtime\Cache\Index\305bb7c5ab5b79e9993278d27ee688d3.php 第 174 行.
NOTIC: [8] Use of undefined constant Index - assumed 'Index' D:\WWW\thinkphp3.1.3\thinkphp3.1.3\Application\Runtime\Cache\Index\305bb7c5ab5b79e9993278d27ee688d3.php 第 174 行.
NOTIC: [8] Use of undefined constant Rencai - assumed 'Rencai' D:\WWW\thinkphp3.1.3\thinkphp3.1.3\Application\Runtime\Cache\Index\305bb7c5ab5b79e9993278d27ee688d3.php 第 174 行.
NOTIC: [2] Division by zero D:\WWW\thinkphp3.1.3\thinkphp3.1.3\Application\Runtime\Cache\Index\305bb7c5ab5b79e9993278d27ee688d3.php 第 174 行.
NOTIC: [8] Use of undefined constant alist - assumed 'alist' D:\WWW\thinkphp3.1.3\thinkphp3.1.3\Application\Runtime\Cache\Index\305bb7c5ab5b79e9993278d27ee688d3.php 第 174 行.
NOTIC: [2] Division by zero D:\WWW\thinkphp3.1.3\thinkphp3.1.3\Application\Runtime\Cache\Index\305bb7c5ab5b79e9993278d27ee688d3.php 第 174 行.
NOTIC: [2] Division by zero D:\WWW\thinkphp3.1.3\thinkphp3.1.3\Application\Runtime\Cache\Index\305bb7c5ab5b79e9993278d27ee688d3.php 第 174 行.
INFO: ParseTemplate Behavior ::run [ RunTime:0.015001s ]
INFO: [ view_parse ] --END-- [ RunTime:0.015001s ]
INFO: [ view_filter ] --START--
INFO: ContentReplace Behavior ::run [ RunTime:0.000000s ]
INFO: TokenBuild Behavior ::run [ RunTime:0.001000s ]
INFO: WriteHtmlCache Behavior ::run [ RunTime:0.000000s ]
INFO: ShowRuntime Behavior ::run [ RunTime:0.000000s ]
INFO: [ view_filter ] --END-- [ RunTime:0.001000s ]
INFO: [ view_end ] --START--
INFO: ShowPageTrace Behavior ::run [ RunTime:0.001000s ]
INFO: [ view_end ] --END-- [ RunTime:0.001000s ]

[ 2016-08-11T15:27:43+08:00 ] 0.0.0.0 /index.php/Rencai/more.html
INFO: [ route_check ] --START--
INFO: CheckRoute Behavior ::run [ RunTime:0.001000s ]
INFO: [ route_check ] --END-- [ RunTime:0.001000s ]
NOTIC: [2] include(./Conf/config.php) [<a href='function.include'>function.include</a>]: failed to open stream: No such file or directory D:\WWW\thinkphp3.1.3\thinkphp3.1.3\Application\Home\Index\Conf\config.php 第 6 行.
NOTIC: [2] include(./Conf/config.php) [<a href='function.include'>function.include</a>]: failed to open stream: No such file or directory D:\WWW\thinkphp3.1.3\thinkphp3.1.3\Application\Home\Index\Conf\config.php 第 6 行.
NOTIC: [2] include() [<a href='function.include'>function.include</a>]: Failed opening './Conf/config.php' for inclusion (include_path='.;C:\php\pear;D:\WWW\thinkphp3.1.3\thinkphp3.1.3\ThinkPHP/Extend/Vendor/') D:\WWW\thinkphp3.1.3\thinkphp3.1.3\Application\Home\Index\Conf\config.php 第 6 行.
NOTIC: [2] array_merge() [<a href='function.array-merge'>function.array-merge</a>]: Argument #1 is not an array D:\WWW\thinkphp3.1.3\thinkphp3.1.3\Application\Home\Index\Conf\config.php 第 6 行.
INFO: [ app_begin ] --START--
INFO: ReadHtmlCache Behavior ::run [ RunTime:0.000000s ]
INFO: [ app_begin ] --END-- [ RunTime:0.000000s ]
SQL: SHOW COLUMNS FROM `think_zhaopin` [ RunTime:0.002000s ]
SQL: SELECT COUNT(*) AS tp_count FROM `think_zhaopin` LIMIT 1   [ RunTime:0.000000s ]
SQL: SELECT * FROM `think_zhaopin` ORDER BY time DESC LIMIT 0,20   [ RunTime:0.000000s ]
ERR: 1054:Unknown column 'time' in 'order clause'
 [ SQL语句 ] : SELECT * FROM `think_zhaopin` ORDER BY time DESC LIMIT 0,20  
NOTIC: [8] Undefined index: id D:\WWW\thinkphp3.1.3\thinkphp3.1.3\Application\Home\Index\Action\RencaiAction.class.php 第 93 行.
SQL: SELECT * FROM think_zhaopin a,think_user_qiye b WHERE ( a.pid=b.id )  [ RunTime:0.000000s ]
INFO: [ view_parse ] --START--
NOTIC: [8] Use of undefined constant Index - assumed 'Index' D:\WWW\thinkphp3.1.3\thinkphp3.1.3\Application\Runtime\Cache\Index\305bb7c5ab5b79e9993278d27ee688d3.php 第 174 行.
NOTIC: [8] Use of undefined constant Rencai - assumed 'Rencai' D:\WWW\thinkphp3.1.3\thinkphp3.1.3\Application\Runtime\Cache\Index\305bb7c5ab5b79e9993278d27ee688d3.php 第 174 行.
NOTIC: [2] Division by zero D:\WWW\thinkphp3.1.3\thinkphp3.1.3\Application\Runtime\Cache\Index\305bb7c5ab5b79e9993278d27ee688d3.php 第 174 行.
NOTIC: [8] Use of undefined constant alist - assumed 'alist' D:\WWW\thinkphp3.1.3\thinkphp3.1.3\Application\Runtime\Cache\Index\305bb7c5ab5b79e9993278d27ee688d3.php 第 174 行.
NOTIC: [2] Division by zero D:\WWW\thinkphp3.1.3\thinkphp3.1.3\Application\Runtime\Cache\Index\305bb7c5ab5b79e9993278d27ee688d3.php 第 174 行.
NOTIC: [8] Use of undefined constant Index - assumed 'Index' D:\WWW\thinkphp3.1.3\thinkphp3.1.3\Application\Runtime\Cache\Index\305bb7c5ab5b79e9993278d27ee688d3.php 第 174 行.
NOTIC: [8] Use of undefined constant Rencai - assumed 'Rencai' D:\WWW\thinkphp3.1.3\thinkphp3.1.3\Application\Runtime\Cache\Index\305bb7c5ab5b79e9993278d27ee688d3.php 第 174 行.
NOTIC: [2] Division by zero D:\WWW\thinkphp3.1.3\thinkphp3.1.3\Application\Runtime\Cache\Index\305bb7c5ab5b79e9993278d27ee688d3.php 第 174 行.
NOTIC: [8] Use of undefined constant alist - assumed 'alist' D:\WWW\thinkphp3.1.3\thinkphp3.1.3\Application\Runtime\Cache\Index\305bb7c5ab5b79e9993278d27ee688d3.php 第 174 行.
NOTIC: [2] Division by zero D:\WWW\thinkphp3.1.3\thinkphp3.1.3\Application\Runtime\Cache\Index\305bb7c5ab5b79e9993278d27ee688d3.php 第 174 行.
INFO: ParseTemplate Behavior ::run [ RunTime:0.015001s ]
INFO: [ view_parse ] --END-- [ RunTime:0.015001s ]
INFO: [ view_filter ] --START--
INFO: ContentReplace Behavior ::run [ RunTime:0.001000s ]
INFO: TokenBuild Behavior ::run [ RunTime:0.001000s ]
INFO: WriteHtmlCache Behavior ::run [ RunTime:0.000000s ]
INFO: ShowRuntime Behavior ::run [ RunTime:0.000000s ]
INFO: [ view_filter ] --END-- [ RunTime:0.002000s ]
INFO: [ view_end ] --START--
INFO: ShowPageTrace Behavior ::run [ RunTime:0.001000s ]
INFO: [ view_end ] --END-- [ RunTime:0.001000s ]

[ 2016-08-11T15:27:44+08:00 ] 0.0.0.0 /index.php/Rencai/more.html
INFO: [ route_check ] --START--
INFO: CheckRoute Behavior ::run [ RunTime:0.001000s ]
INFO: [ route_check ] --END-- [ RunTime:0.001000s ]
NOTIC: [2] include(./Conf/config.php) [<a href='function.include'>function.include</a>]: failed to open stream: No such file or directory D:\WWW\thinkphp3.1.3\thinkphp3.1.3\Application\Home\Index\Conf\config.php 第 6 行.
NOTIC: [2] include(./Conf/config.php) [<a href='function.include'>function.include</a>]: failed to open stream: No such file or directory D:\WWW\thinkphp3.1.3\thinkphp3.1.3\Application\Home\Index\Conf\config.php 第 6 行.
NOTIC: [2] include() [<a href='function.include'>function.include</a>]: Failed opening './Conf/config.php' for inclusion (include_path='.;C:\php\pear;D:\WWW\thinkphp3.1.3\thinkphp3.1.3\ThinkPHP/Extend/Vendor/') D:\WWW\thinkphp3.1.3\thinkphp3.1.3\Application\Home\Index\Conf\config.php 第 6 行.
NOTIC: [2] array_merge() [<a href='function.array-merge'>function.array-merge</a>]: Argument #1 is not an array D:\WWW\thinkphp3.1.3\thinkphp3.1.3\Application\Home\Index\Conf\config.php 第 6 行.
INFO: [ app_begin ] --START--
INFO: ReadHtmlCache Behavior ::run [ RunTime:0.001000s ]
INFO: [ app_begin ] --END-- [ RunTime:0.001000s ]
SQL: SHOW COLUMNS FROM `think_zhaopin` [ RunTime:0.003001s ]
SQL: SELECT COUNT(*) AS tp_count FROM `think_zhaopin` LIMIT 1   [ RunTime:0.000000s ]
SQL: SELECT * FROM `think_zhaopin` ORDER BY time DESC LIMIT 0,20   [ RunTime:0.000000s ]
ERR: 1054:Unknown column 'time' in 'order clause'
 [ SQL语句 ] : SELECT * FROM `think_zhaopin` ORDER BY time DESC LIMIT 0,20  
NOTIC: [8] Undefined index: id D:\WWW\thinkphp3.1.3\thinkphp3.1.3\Application\Home\Index\Action\RencaiAction.class.php 第 93 行.
SQL: SELECT * FROM think_zhaopin a,think_user_qiye b WHERE ( a.pid=b.id )  [ RunTime:0.000000s ]
INFO: [ view_parse ] --START--
NOTIC: [8] Use of undefined constant Index - assumed 'Index' D:\WWW\thinkphp3.1.3\thinkphp3.1.3\Application\Runtime\Cache\Index\305bb7c5ab5b79e9993278d27ee688d3.php 第 174 行.
NOTIC: [8] Use of undefined constant Rencai - assumed 'Rencai' D:\WWW\thinkphp3.1.3\thinkphp3.1.3\Application\Runtime\Cache\Index\305bb7c5ab5b79e9993278d27ee688d3.php 第 174 行.
NOTIC: [2] Division by zero D:\WWW\thinkphp3.1.3\thinkphp3.1.3\Application\Runtime\Cache\Index\305bb7c5ab5b79e9993278d27ee688d3.php 第 174 行.
NOTIC: [8] Use of undefined constant alist - assumed 'alist' D:\WWW\thinkphp3.1.3\thinkphp3.1.3\Application\Runtime\Cache\Index\305bb7c5ab5b79e9993278d27ee688d3.php 第 174 行.
NOTIC: [2] Division by zero D:\WWW\thinkphp3.1.3\thinkphp3.1.3\Application\Runtime\Cache\Index\305bb7c5ab5b79e9993278d27ee688d3.php 第 174 行.
NOTIC: [8] Use of undefined constant Index - assumed 'Index' D:\WWW\thinkphp3.1.3\thinkphp3.1.3\Application\Runtime\Cache\Index\305bb7c5ab5b79e9993278d27ee688d3.php 第 174 行.
NOTIC: [8] Use of undefined constant Rencai - assumed 'Rencai' D:\WWW\thinkphp3.1.3\thinkphp3.1.3\Application\Runtime\Cache\Index\305bb7c5ab5b79e9993278d27ee688d3.php 第 174 行.
NOTIC: [2] Division by zero D:\WWW\thinkphp3.1.3\thinkphp3.1.3\Application\Runtime\Cache\Index\305bb7c5ab5b79e9993278d27ee688d3.php 第 174 行.
NOTIC: [8] Use of undefined constant alist - assumed 'alist' D:\WWW\thinkphp3.1.3\thinkphp3.1.3\Application\Runtime\Cache\Index\305bb7c5ab5b79e9993278d27ee688d3.php 第 174 行.
NOTIC: [2] Division by zero D:\WWW\thinkphp3.1.3\thinkphp3.1.3\Application\Runtime\Cache\Index\305bb7c5ab5b79e9993278d27ee688d3.php 第 174 行.
INFO: ParseTemplate Behavior ::run [ RunTime:0.014001s ]
INFO: [ view_parse ] --END-- [ RunTime:0.015001s ]
INFO: [ view_filter ] --START--
INFO: ContentReplace Behavior ::run [ RunTime:0.000000s ]
INFO: TokenBuild Behavior ::run [ RunTime:0.000000s ]
INFO: WriteHtmlCache Behavior ::run [ RunTime:0.001000s ]
INFO: ShowRuntime Behavior ::run [ RunTime:0.000000s ]
INFO: [ view_filter ] --END-- [ RunTime:0.001000s ]
INFO: [ view_end ] --START--
INFO: ShowPageTrace Behavior ::run [ RunTime:0.001000s ]
INFO: [ view_end ] --END-- [ RunTime:0.001000s ]

